Determining if the pthread_create exist failed with the following output:
Change Dir: /home/jw/catkin_ws/build/CMakeFiles/CMakeTmp

Run Build Command:"/usr/bin/make" "cmTC_3d64a/fast"
/usr/bin/make -f CMakeFiles/cmTC_3d64a.dir/build.make CMakeFiles/cmTC_3d64a.dir/build
make[1]: Entering directory '/home/jw/catkin_ws/build/CMakeFiles/CMakeTmp'
Building C object CMakeFiles/cmTC_3d64a.dir/CheckSymbolExists.c.o
/usr/bin/cc     -o CMakeFiles/cmTC_3d64a.dir/CheckSymbolExists.c.o   -c /home/jw/catkin_ws/build/CMakeFiles/CMakeTmp/CheckSymbolExists.c
Linking C executable cmTC_3d64a
/usr/bin/cmake -E cmake_link_script CMakeFiles/cmTC_3d64a.dir/link.txt --verbose=1
/usr/bin/cc       CMakeFiles/cmTC_3d64a.dir/CheckSymbolExists.c.o  -o cmTC_3d64a -rdynamic 
CMakeFiles/cmTC_3d64a.dir/CheckSymbolExists.c.o: In function `main':
CheckSymbolExists.c:(.text+0x16): undefined reference to `pthread_create'
collect2: error: ld returned 1 exit status
CMakeFiles/cmTC_3d64a.dir/build.make:97: recipe for target 'cmTC_3d64a' failed
make[1]: *** [cmTC_3d64a] Error 1
make[1]: Leaving directory '/home/jw/catkin_ws/build/CMakeFiles/CMakeTmp'
Makefile:126: recipe for target 'cmTC_3d64a/fast' failed
make: *** [cmTC_3d64a/fast] Error 2

File /home/jw/catkin_ws/build/CMakeFiles/CMakeTmp/CheckSymbolExists.c:
/* */
#include <pthread.h>

int main(int argc, char** argv)
{
  (void)argv;
#ifndef pthread_create
  return ((int*)(&pthread_create))[argc];
#else
  (void)argc;
  return 0;
#endif
}

Determining if the function pthread_create exists in the pthreads failed with the following output:
Change Dir: /home/jw/catkin_ws/build/CMakeFiles/CMakeTmp

Run Build Command:"/usr/bin/make" "cmTC_5125a/fast"
/usr/bin/make -f CMakeFiles/cmTC_5125a.dir/build.make CMakeFiles/cmTC_5125a.dir/build
make[1]: Entering directory '/home/jw/catkin_ws/build/CMakeFiles/CMakeTmp'
Building C object CMakeFiles/cmTC_5125a.dir/CheckFunctionExists.c.o
/usr/bin/cc    -DCHECK_FUNCTION_EXISTS=pthread_create   -o CMakeFiles/cmTC_5125a.dir/CheckFunctionExists.c.o   -c /usr/share/cmake-3.5/Modules/CheckFunctionExists.c
Linking C executable cmTC_5125a
/usr/bin/cmake -E cmake_link_script CMakeFiles/cmTC_5125a.dir/link.txt --verbose=1
/usr/bin/cc   -DCHECK_FUNCTION_EXISTS=pthread_create    CMakeFiles/cmTC_5125a.dir/CheckFunctionExists.c.o  -o cmTC_5125a -rdynamic -lpthreads 
/usr/bin/ld: cannot find -lpthreads
collect2: error: ld returned 1 exit status
CMakeFiles/cmTC_5125a.dir/build.make:97: recipe for target 'cmTC_5125a' failed
make[1]: *** [cmTC_5125a] Error 1
make[1]: Leaving directory '/home/jw/catkin_ws/build/CMakeFiles/CMakeTmp'
Makefile:126: recipe for target 'cmTC_5125a/fast' failed
make: *** [cmTC_5125a/fast] Error 2


